This is pdfTeX, Version 3.141592653-2.6-1.40.27 (TeX Live 2025) (preloaded format=pdflatex 2025.4.24)  27 MAY 2025 23:12
entering extended mode
 restricted \write18 enabled.
 %&-line parsing enabled.
**V518.tex
(./V518.tex
LaTeX2e <2024-11-01> patch level 2
L3 programming layer <2025-03-26>
(c:/texlive/2025/texmf-dist/tex/latex/base/article.cls
Document Class: article 2024/06/29 v1.4n Standard LaTeX document class
(c:/texlive/2025/texmf-dist/tex/latex/base/size10.clo
File: size10.clo 2024/06/29 v1.4n Standard LaTeX file (size option)
)
\c@part=\count197
\c@section=\count198
\c@subsection=\count199
\c@subsubsection=\count266
\c@paragraph=\count267
\c@subparagraph=\count268
\c@figure=\count269
\c@table=\count270
\abovecaptionskip=\skip49
\belowcaptionskip=\skip50
\bibindent=\dimen146
)
(c:/texlive/2025/texmf-dist/tex/latex/graphics/graphicx.sty
Package: graphicx 2021/09/16 v1.2d Enhanced LaTeX Graphics (DPC,SPQR)

(c:/texlive/2025/texmf-dist/tex/latex/graphics/keyval.sty
Package: keyval 2022/05/29 v1.15 key=value parser (DPC)
\KV@toks@=\toks17
)
(c:/texlive/2025/texmf-dist/tex/latex/graphics/graphics.sty
Package: graphics 2024/08/06 v1.4g Standard LaTeX Graphics (DPC,SPQR)

(c:/texlive/2025/texmf-dist/tex/latex/graphics/trig.sty
Package: trig 2023/12/02 v1.11 sin cos tan (DPC)
)
(c:/texlive/2025/texmf-dist/tex/latex/graphics-cfg/graphics.cfg
File: graphics.cfg 2016/06/04 v1.11 sample graphics configuration
)
Package graphics Info: Driver file: pdftex.def on input line 106.

(c:/texlive/2025/texmf-dist/tex/latex/graphics-def/pdftex.def
File: pdftex.def 2024/04/13 v1.2c Graphics/color driver for pdftex
))
\Gin@req@height=\dimen147
\Gin@req@width=\dimen148
)
(c:/texlive/2025/texmf-dist/tex/latex/amsmath/amsmath.sty
Package: amsmath 2024/11/05 v2.17t AMS math features
\@mathmargin=\skip51

For additional information on amsmath, use the `?' option.
(c:/texlive/2025/texmf-dist/tex/latex/amsmath/amstext.sty
Package: amstext 2021/08/26 v2.01 AMS text

(c:/texlive/2025/texmf-dist/tex/latex/amsmath/amsgen.sty
File: amsgen.sty 1999/11/30 v2.0 generic functions
\@emptytoks=\toks18
\ex@=\dimen149
))
(c:/texlive/2025/texmf-dist/tex/latex/amsmath/amsbsy.sty
Package: amsbsy 1999/11/29 v1.2d Bold Symbols
\pmbraise@=\dimen150
)
(c:/texlive/2025/texmf-dist/tex/latex/amsmath/amsopn.sty
Package: amsopn 2022/04/08 v2.04 operator names
)
\inf@bad=\count271
LaTeX Info: Redefining \frac on input line 233.
\uproot@=\count272
\leftroot@=\count273
LaTeX Info: Redefining \overline on input line 398.
LaTeX Info: Redefining \colon on input line 409.
\classnum@=\count274
\DOTSCASE@=\count275
LaTeX Info: Redefining \ldots on input line 495.
LaTeX Info: Redefining \dots on input line 498.
LaTeX Info: Redefining \cdots on input line 619.
\Mathstrutbox@=\box53
\strutbox@=\box54
LaTeX Info: Redefining \big on input line 721.
LaTeX Info: Redefining \Big on input line 722.
LaTeX Info: Redefining \bigg on input line 723.
LaTeX Info: Redefining \Bigg on input line 724.
\big@size=\dimen151
LaTeX Font Info:    Redeclaring font encoding OML on input line 742.
LaTeX Font Info:    Redeclaring font encoding OMS on input line 743.
\macc@depth=\count276
LaTeX Info: Redefining \bmod on input line 904.
LaTeX Info: Redefining \pmod on input line 909.
LaTeX Info: Redefining \smash on input line 939.
LaTeX Info: Redefining \relbar on input line 969.
LaTeX Info: Redefining \Relbar on input line 970.
\c@MaxMatrixCols=\count277
\dotsspace@=\muskip17
\c@parentequation=\count278
\dspbrk@lvl=\count279
\tag@help=\toks19
\row@=\count280
\column@=\count281
\maxfields@=\count282
\andhelp@=\toks20
\eqnshift@=\dimen152
\alignsep@=\dimen153
\tagshift@=\dimen154
\tagwidth@=\dimen155
\totwidth@=\dimen156
\lineht@=\dimen157
\@envbody=\toks21
\multlinegap=\skip52
\multlinetaggap=\skip53
\mathdisplay@stack=\toks22
LaTeX Info: Redefining \[ on input line 2953.
LaTeX Info: Redefining \] on input line 2954.
)
(c:/texlive/2025/texmf-dist/tex/latex/float/float.sty
Package: float 2001/11/08 v1.3d Float enhancements (AL)
\c@float@type=\count283
\float@exts=\toks23
\float@box=\box55
\@float@everytoks=\toks24
\@floatcapt=\box56
)
(c:/texlive/2025/texmf-dist/tex/latex/siunitx/siunitx.sty
Package: siunitx 2025-04-19 v3.4.9 A comprehensive (SI) units package
\l__siunitx_number_uncert_offset_int=\count284
\l__siunitx_number_exponent_fixed_int=\count285
\l__siunitx_number_min_decimal_int=\count286
\l__siunitx_number_min_integer_int=\count287
\l__siunitx_number_round_precision_int=\count288
\l__siunitx_number_lower_threshold_int=\count289
\l__siunitx_number_upper_threshold_int=\count290
\l__siunitx_number_group_first_int=\count291
\l__siunitx_number_group_size_int=\count292
\l__siunitx_number_group_minimum_int=\count293
\l__siunitx_angle_tmp_dim=\dimen158
\l__siunitx_angle_marker_box=\box57
\l__siunitx_angle_unit_box=\box58
\l__siunitx_compound_count_int=\count294

(c:/texlive/2025/texmf-dist/tex/latex/translations/translations.sty
Package: translations 2022/02/05 v1.12 internationalization of LaTeX2e packages
 (CN)

(c:/texlive/2025/texmf-dist/tex/latex/etoolbox/etoolbox.sty
Package: etoolbox 2025/02/11 v2.5l e-TeX tools for LaTeX (JAW)
\etb@tempcnta=\count295
)
(c:/texlive/2025/texmf-dist/tex/generic/pdftexcmds/pdftexcmds.sty
Package: pdftexcmds 2020-06-27 v0.33 Utility functions of pdfTeX for LuaTeX (HO
)

(c:/texlive/2025/texmf-dist/tex/generic/infwarerr/infwarerr.sty
Package: infwarerr 2019/12/03 v1.5 Providing info/warning/error messages (HO)
)
(c:/texlive/2025/texmf-dist/tex/generic/iftex/iftex.sty
Package: iftex 2024/12/12 v1.0g TeX engine tests
)
(c:/texlive/2025/texmf-dist/tex/generic/ltxcmds/ltxcmds.sty
Package: ltxcmds 2023-12-04 v1.26 LaTeX kernel commands for general use (HO)
)
Package pdftexcmds Info: \pdf@primitive is available.
Package pdftexcmds Info: \pdf@ifprimitive is available.
Package pdftexcmds Info: \pdfdraftmode found.
))
\l__siunitx_table_tmp_box=\box59
\l__siunitx_table_tmp_dim=\dimen159
\l__siunitx_table_column_width_dim=\dimen160
\l__siunitx_table_integer_box=\box60
\l__siunitx_table_decimal_box=\box61
\l__siunitx_table_uncert_box=\box62
\l__siunitx_table_before_box=\box63
\l__siunitx_table_after_box=\box64
\l__siunitx_table_before_dim=\dimen161
\l__siunitx_table_carry_dim=\dimen162
\l__siunitx_unit_tmp_int=\count296
\l__siunitx_unit_position_int=\count297
\l__siunitx_unit_total_int=\count298

(c:/texlive/2025/texmf-dist/tex/latex/tools/array.sty
Package: array 2024/10/17 v2.6g Tabular extension package (FMi)
\col@sep=\dimen163
\ar@mcellbox=\box65
\extrarowheight=\dimen164
\NC@list=\toks25
\extratabsurround=\skip54
\backup@length=\skip55
\ar@cellbox=\box66
))
(c:/texlive/2025/texmf-dist/tex/latex/hyperref/hyperref.sty
Package: hyperref 2024-11-05 v7.01l Hypertext links for LaTeX

(c:/texlive/2025/texmf-dist/tex/latex/kvsetkeys/kvsetkeys.sty
Package: kvsetkeys 2022-10-05 v1.19 Key value parser (HO)
)
(c:/texlive/2025/texmf-dist/tex/generic/kvdefinekeys/kvdefinekeys.sty
Package: kvdefinekeys 2019-12-19 v1.6 Define keys (HO)
)
(c:/texlive/2025/texmf-dist/tex/generic/pdfescape/pdfescape.sty
Package: pdfescape 2019/12/09 v1.15 Implements pdfTeX's escape features (HO)
)
(c:/texlive/2025/texmf-dist/tex/latex/hycolor/hycolor.sty
Package: hycolor 2020-01-27 v1.10 Color options for hyperref/bookmark (HO)
)
(c:/texlive/2025/texmf-dist/tex/latex/hyperref/nameref.sty
Package: nameref 2023-11-26 v2.56 Cross-referencing by name of section

(c:/texlive/2025/texmf-dist/tex/latex/refcount/refcount.sty
Package: refcount 2019/12/15 v3.6 Data extraction from label references (HO)
)
(c:/texlive/2025/texmf-dist/tex/generic/gettitlestring/gettitlestring.sty
Package: gettitlestring 2019/12/15 v1.6 Cleanup title references (HO)

(c:/texlive/2025/texmf-dist/tex/latex/kvoptions/kvoptions.sty
Package: kvoptions 2022-06-15 v3.15 Key value format for package options (HO)
))
\c@section@level=\count299
)
(c:/texlive/2025/texmf-dist/tex/generic/stringenc/stringenc.sty
Package: stringenc 2019/11/29 v1.12 Convert strings between diff. encodings (HO
)
)
\@linkdim=\dimen165
\Hy@linkcounter=\count300
\Hy@pagecounter=\count301

(c:/texlive/2025/texmf-dist/tex/latex/hyperref/pd1enc.def
File: pd1enc.def 2024-11-05 v7.01l Hyperref: PDFDocEncoding definition (HO)
Now handling font encoding PD1 ...
... no UTF-8 mapping file for font encoding PD1
)
(c:/texlive/2025/texmf-dist/tex/generic/intcalc/intcalc.sty
Package: intcalc 2019/12/15 v1.3 Expandable calculations with integers (HO)
)
\Hy@SavedSpaceFactor=\count302

(c:/texlive/2025/texmf-dist/tex/latex/hyperref/puenc.def
File: puenc.def 2024-11-05 v7.01l Hyperref: PDF Unicode definition (HO)
Now handling font encoding PU ...
... no UTF-8 mapping file for font encoding PU
)
Package hyperref Info: Hyper figures OFF on input line 4157.
Package hyperref Info: Link nesting OFF on input line 4162.
Package hyperref Info: Hyper index ON on input line 4165.
Package hyperref Info: Plain pages OFF on input line 4172.
Package hyperref Info: Backreferencing OFF on input line 4177.
Package hyperref Info: Implicit mode ON; LaTeX internals redefined.
Package hyperref Info: Bookmarks ON on input line 4424.
\c@Hy@tempcnt=\count303

(c:/texlive/2025/texmf-dist/tex/latex/url/url.sty
\Urlmuskip=\muskip18
Package: url 2013/09/16  ver 3.4  Verb mode for urls, etc.
)
LaTeX Info: Redefining \url on input line 4763.
\XeTeXLinkMargin=\dimen166

(c:/texlive/2025/texmf-dist/tex/generic/bitset/bitset.sty
Package: bitset 2019/12/09 v1.3 Handle bit-vector datatype (HO)

(c:/texlive/2025/texmf-dist/tex/generic/bigintcalc/bigintcalc.sty
Package: bigintcalc 2019/12/15 v1.5 Expandable calculations on big integers (HO
)
))
\Fld@menulength=\count304
\Field@Width=\dimen167
\Fld@charsize=\dimen168
Package hyperref Info: Hyper figures OFF on input line 6042.
Package hyperref Info: Link nesting OFF on input line 6047.
Package hyperref Info: Hyper index ON on input line 6050.
Package hyperref Info: backreferencing OFF on input line 6057.
Package hyperref Info: Link coloring OFF on input line 6062.
Package hyperref Info: Link coloring with OCG OFF on input line 6067.
Package hyperref Info: PDF/A mode OFF on input line 6072.

(c:/texlive/2025/texmf-dist/tex/latex/base/atbegshi-ltx.sty
Package: atbegshi-ltx 2021/01/10 v1.0c Emulation of the original atbegshi
package with kernel methods
)
\Hy@abspage=\count305
\c@Item=\count306
\c@Hfootnote=\count307
)
Package hyperref Info: Driver (autodetected): hpdftex.

(c:/texlive/2025/texmf-dist/tex/latex/hyperref/hpdftex.def
File: hpdftex.def 2024-11-05 v7.01l Hyperref driver for pdfTeX

(c:/texlive/2025/texmf-dist/tex/latex/base/atveryend-ltx.sty
Package: atveryend-ltx 2020/08/19 v1.0a Emulation of the original atveryend pac
kage
with kernel methods
)
\Fld@listcount=\count308
\c@bookmark@seq@number=\count309

(c:/texlive/2025/texmf-dist/tex/latex/rerunfilecheck/rerunfilecheck.sty
Package: rerunfilecheck 2022-07-10 v1.10 Rerun checks for auxiliary files (HO)

(c:/texlive/2025/texmf-dist/tex/generic/uniquecounter/uniquecounter.sty
Package: uniquecounter 2019/12/15 v1.4 Provide unlimited unique counter (HO)
)
Package uniquecounter Info: New unique counter `rerunfilecheck' on input line 2
85.
)
\Hy@SectionHShift=\skip56
)
(c:/texlive/2025/texmf-dist/tex/latex/mathtools/mathtools.sty
Package: mathtools 2024/10/04 v1.31 mathematical typesetting tools

(c:/texlive/2025/texmf-dist/tex/latex/tools/calc.sty
Package: calc 2023/07/08 v4.3 Infix arithmetic (KKT,FJ)
\calc@Acount=\count310
\calc@Bcount=\count311
\calc@Adimen=\dimen169
\calc@Bdimen=\dimen170
\calc@Askip=\skip57
\calc@Bskip=\skip58
LaTeX Info: Redefining \setlength on input line 80.
LaTeX Info: Redefining \addtolength on input line 81.
\calc@Ccount=\count312
\calc@Cskip=\skip59
)
(c:/texlive/2025/texmf-dist/tex/latex/mathtools/mhsetup.sty
Package: mhsetup 2021/03/18 v1.4 programming setup (MH)
)
\g_MT_multlinerow_int=\count313
\l_MT_multwidth_dim=\dimen171
\origjot=\skip60
\l_MT_shortvdotswithinadjustabove_dim=\dimen172
\l_MT_shortvdotswithinadjustbelow_dim=\dimen173
\l_MT_above_intertext_sep=\dimen174
\l_MT_below_intertext_sep=\dimen175
\l_MT_above_shortintertext_sep=\dimen176
\l_MT_below_shortintertext_sep=\dimen177
\xmathstrut@box=\box67
\xmathstrut@dim=\dimen178
)
(c:/texlive/2025/texmf-dist/tex/generic/babel/babel.sty
Package: babel 2025/04/14 v25.7 The multilingual framework for pdfLaTeX, LuaLaT
eX and XeLaTeX
\babel@savecnt=\count314
\U@D=\dimen179
\l@unhyphenated=\language90

(c:/texlive/2025/texmf-dist/tex/generic/babel/txtbabel.def)
\bbl@readstream=\read2
\bbl@dirlevel=\count315

(c:/texlive/2025/texmf-dist/tex/generic/babel-german/ngerman.ldf
Language: ngerman 2024/12/10 v2.15 German support for babel (post-1996 orthogra
phy)

(c:/texlive/2025/texmf-dist/tex/generic/babel-german/ngermanb.ldf
Language: ngermanb 2024/12/10 v2.15 German support for babel (post-1996 orthogr
aphy)
Package babel Info: Making " an active character on input line 122.
)))
(c:/texlive/2025/texmf-dist/tex/generic/babel/locale/de/babel-ngerman.tex
Package babel Info: Importing font and identification data for ngerman
(babel)             from babel-de.ini. Reported on input line 11.
)
(c:/texlive/2025/texmf-dist/tex/latex/biblatex/biblatex.sty
Package: biblatex 2024/03/21 v3.20 programmable bibliographies (PK/MW)

(c:/texlive/2025/texmf-dist/tex/latex/logreq/logreq.sty
Package: logreq 2010/08/04 v1.0 xml request logger
\lrq@indent=\count316

(c:/texlive/2025/texmf-dist/tex/latex/logreq/logreq.def
File: logreq.def 2010/08/04 v1.0 logreq spec v1.0
))
(c:/texlive/2025/texmf-dist/tex/latex/base/ifthen.sty
Package: ifthen 2024/03/16 v1.1e Standard LaTeX ifthen package (DPC)
)
\c@tabx@nest=\count317
\c@listtotal=\count318
\c@listcount=\count319
\c@liststart=\count320
\c@liststop=\count321
\c@citecount=\count322
\c@citetotal=\count323
\c@multicitecount=\count324
\c@multicitetotal=\count325
\c@instcount=\count326
\c@maxnames=\count327
\c@minnames=\count328
\c@maxitems=\count329
\c@minitems=\count330
\c@citecounter=\count331
\c@maxcitecounter=\count332
\c@savedcitecounter=\count333
\c@uniquelist=\count334
\c@uniquename=\count335
\c@refsection=\count336
\c@refsegment=\count337
\c@maxextratitle=\count338
\c@maxextratitleyear=\count339
\c@maxextraname=\count340
\c@maxextradate=\count341
\c@maxextraalpha=\count342
\c@abbrvpenalty=\count343
\c@highnamepenalty=\count344
\c@lownamepenalty=\count345
\c@maxparens=\count346
\c@parenlevel=\count347
\blx@tempcnta=\count348
\blx@tempcntb=\count349
\blx@tempcntc=\count350
\c@blx@maxsection=\count351
\blx@maxsegment@0=\count352
\blx@notetype=\count353
\blx@parenlevel@text=\count354
\blx@parenlevel@foot=\count355
\blx@sectionciteorder@0=\count356
\blx@sectionciteorderinternal@0=\count357
\blx@entrysetcounter=\count358
\blx@biblioinstance=\count359
\labelnumberwidth=\skip61
\labelalphawidth=\skip62
\biblabelsep=\skip63
\bibitemsep=\skip64
\bibnamesep=\skip65
\bibinitsep=\skip66
\bibparsep=\skip67
\bibhang=\skip68
\blx@bcfin=\read3
\blx@bcfout=\write3
\blx@langwohyphens=\language91
\c@mincomprange=\count360
\c@maxcomprange=\count361
\c@mincompwidth=\count362
Package biblatex Info: Trying to load biblatex default data model...
Package biblatex Info: ... file 'blx-dm.def' found.

(c:/texlive/2025/texmf-dist/tex/latex/biblatex/blx-dm.def
File: blx-dm.def 2024/03/21 v3.20 biblatex datamodel (PK/MW)
)
Package biblatex Info: Trying to load biblatex custom data model...
Package biblatex Info: ... file 'biblatex-dm.cfg' not found.
\c@afterword=\count363
\c@savedafterword=\count364
\c@annotator=\count365
\c@savedannotator=\count366
\c@author=\count367
\c@savedauthor=\count368
\c@bookauthor=\count369
\c@savedbookauthor=\count370
\c@commentator=\count371
\c@savedcommentator=\count372
\c@editor=\count373
\c@savededitor=\count374
\c@editora=\count375
\c@savededitora=\count376
\c@editorb=\count377
\c@savededitorb=\count378
\c@editorc=\count379
\c@savededitorc=\count380
\c@foreword=\count381
\c@savedforeword=\count382
\c@holder=\count383
\c@savedholder=\count384
\c@introduction=\count385
\c@savedintroduction=\count386
\c@namea=\count387
\c@savednamea=\count388
\c@nameb=\count389
\c@savednameb=\count390
\c@namec=\count391
\c@savednamec=\count392
\c@translator=\count393
\c@savedtranslator=\count394
\c@shortauthor=\count395
\c@savedshortauthor=\count396
\c@shorteditor=\count397
\c@savedshorteditor=\count398
\c@labelname=\count399
\c@savedlabelname=\count400
\c@institution=\count401
\c@savedinstitution=\count402
\c@lista=\count403
\c@savedlista=\count404
\c@listb=\count405
\c@savedlistb=\count406
\c@listc=\count407
\c@savedlistc=\count408
\c@listd=\count409
\c@savedlistd=\count410
\c@liste=\count411
\c@savedliste=\count412
\c@listf=\count413
\c@savedlistf=\count414
\c@location=\count415
\c@savedlocation=\count416
\c@organization=\count417
\c@savedorganization=\count418
\c@origlocation=\count419
\c@savedoriglocation=\count420
\c@origpublisher=\count421
\c@savedorigpublisher=\count422
\c@publisher=\count423
\c@savedpublisher=\count424
\c@language=\count425
\c@savedlanguage=\count426
\c@origlanguage=\count427
\c@savedoriglanguage=\count428
\c@pageref=\count429
\c@savedpageref=\count430
\shorthandwidth=\skip69
\shortjournalwidth=\skip70
\shortserieswidth=\skip71
\shorttitlewidth=\skip72
\shortauthorwidth=\skip73
\shorteditorwidth=\skip74
\locallabelnumberwidth=\skip75
\locallabelalphawidth=\skip76
\localshorthandwidth=\skip77
\localshortjournalwidth=\skip78
\localshortserieswidth=\skip79
\localshorttitlewidth=\skip80
\localshortauthorwidth=\skip81
\localshorteditorwidth=\skip82
Package biblatex Info: Trying to load compatibility code...
Package biblatex Info: ... file 'blx-compat.def' found.

(c:/texlive/2025/texmf-dist/tex/latex/biblatex/blx-compat.def
File: blx-compat.def 2024/03/21 v3.20 biblatex compatibility (PK/MW)
)
Package biblatex Info: Trying to load generic definitions...
Package biblatex Info: ... file 'biblatex.def' found.

(c:/texlive/2025/texmf-dist/tex/latex/biblatex/biblatex.def
File: biblatex.def 2024/03/21 v3.20 biblatex compatibility (PK/MW)
\c@textcitecount=\count431
\c@textcitetotal=\count432
\c@textcitemaxnames=\count433
\c@biburlbigbreakpenalty=\count434
\c@biburlbreakpenalty=\count435
\c@biburlnumpenalty=\count436
\c@biburlucpenalty=\count437
\c@biburllcpenalty=\count438
\biburlbigskip=\muskip19
\biburlnumskip=\muskip20
\biburlucskip=\muskip21
\biburllcskip=\muskip22
\c@smartand=\count439
)
Package biblatex Info: Trying to load bibliography style 'numeric'...
Package biblatex Info: ... file 'numeric.bbx' found.

(c:/texlive/2025/texmf-dist/tex/latex/biblatex/bbx/numeric.bbx
File: numeric.bbx 2024/03/21 v3.20 biblatex bibliography style (PK/MW)
Package biblatex Info: Trying to load bibliography style 'standard'...
Package biblatex Info: ... file 'standard.bbx' found.

(c:/texlive/2025/texmf-dist/tex/latex/biblatex/bbx/standard.bbx
File: standard.bbx 2024/03/21 v3.20 biblatex bibliography style (PK/MW)
\c@bbx:relatedcount=\count440
\c@bbx:relatedtotal=\count441
))
Package biblatex Info: Trying to load citation style 'numeric'...
Package biblatex Info: ... file 'numeric.cbx' found.

(c:/texlive/2025/texmf-dist/tex/latex/biblatex/cbx/numeric.cbx
File: numeric.cbx 2024/03/21 v3.20 biblatex citation style (PK/MW)
Package biblatex Info: Redefining '\cite'.
Package biblatex Info: Redefining '\parencite'.
Package biblatex Info: Redefining '\footcite'.
Package biblatex Info: Redefining '\footcitetext'.
Package biblatex Info: Redefining '\smartcite'.
Package biblatex Info: Redefining '\supercite'.
Package biblatex Info: Redefining '\textcite'.
Package biblatex Info: Redefining '\textcites'.
Package biblatex Info: Redefining '\cites'.
Package biblatex Info: Redefining '\parencites'.
Package biblatex Info: Redefining '\smartcites'.
)
Package biblatex Info: Trying to load configuration file...
Package biblatex Info: ... file 'biblatex.cfg' found.

(c:/texlive/2025/texmf-dist/tex/latex/biblatex/biblatex.cfg
File: biblatex.cfg 
)
Package biblatex Info: Input encoding 'utf8' detected.
Package biblatex Info: Document encoding is UTF8 ....

(c:/texlive/2025/texmf-dist/tex/latex/l3kernel/expl3.sty
Package: expl3 2025-03-26 L3 programming layer (loader) 

(c:/texlive/2025/texmf-dist/tex/latex/l3backend/l3backend-pdftex.def
File: l3backend-pdftex.def 2025-03-14 L3 backend support: PDF output (pdfTeX)
\l__color_backend_stack_int=\count442
))
Package biblatex Info: ... and expl3
(biblatex)             2025-03-26 L3 programming layer (loader) 
(biblatex)             is new enough (at least 2020/04/06),
(biblatex)             setting 'casechanger=expl3'.

(c:/texlive/2025/texmf-dist/tex/latex/biblatex/blx-case-expl3.sty
(c:/texlive/2025/texmf-dist/tex/latex/l3packages/xparse/xparse.sty
Package: xparse 2024-08-16 L3 Experimental document command parser
)
Package: blx-case-expl3 2024/03/21 v3.20 expl3 case changing code for biblatex
))
(c:/texlive/2025/texmf-dist/tex/latex/csquotes/csquotes.sty
Package: csquotes 2024-04-04 v5.2o context-sensitive quotations (JAW)
\csq@reset=\count443
\csq@gtype=\count444
\csq@glevel=\count445
\csq@qlevel=\count446
\csq@maxlvl=\count447
\csq@tshold=\count448
\csq@ltx@everypar=\toks26

(c:/texlive/2025/texmf-dist/tex/latex/csquotes/csquotes.def
File: csquotes.def 2024-04-04 v5.2o csquotes generic definitions (JAW)
)
Package csquotes Info: Trying to load configuration file 'csquotes.cfg'...
Package csquotes Info: ... configuration file loaded successfully.

(c:/texlive/2025/texmf-dist/tex/latex/csquotes/csquotes.cfg
File: csquotes.cfg 
))

Package siunitx Info: Option "separate-uncertainty" has been deprecated in
(siunitx)             this release.
(siunitx)             
(siunitx)             Use "uncertainty-mode = separate" as a replacement.


(c:/texlive/2025/texmf-dist/tex/latex/caption/caption.sty
Package: caption 2023/08/05 v3.6o Customizing captions (AR)

(c:/texlive/2025/texmf-dist/tex/latex/caption/caption3.sty
Package: caption3 2023/07/31 v2.4d caption3 kernel (AR)
\caption@tempdima=\dimen180
\captionmargin=\dimen181
\caption@leftmargin=\dimen182
\caption@rightmargin=\dimen183
\caption@width=\dimen184
\caption@indent=\dimen185
\caption@parindent=\dimen186
\caption@hangindent=\dimen187
Package caption Info: Standard document class detected.
)
\c@caption@flags=\count449
\c@continuedfloat=\count450
Package caption Info: float package is loaded.
Package caption Info: hyperref package is loaded.
)
(c:/texlive/2025/texmf-dist/tex/latex/caption/subcaption.sty
Package: subcaption 2023/07/28 v1.6b Sub-captions (AR)
Package caption Info: New subtype `subfigure' on input line 238.
\c@subfigure=\count451
Package caption Info: New subtype `subtable' on input line 238.
\c@subtable=\count452
)
(c:/texlive/2025/texmf-dist/tex/latex/csvsimple/csvsimple.sty
Package: csvsimple 2024/09/27 v2.7.0 LaTeX CSV file processing
)
(c:/texlive/2025/texmf-dist/tex/latex/csvsimple/csvsimple-legacy.sty
Package: csvsimple-legacy 2024/09/27 version 2.7.0 LaTeX2e CSV file processing

(c:/texlive/2025/texmf-dist/tex/latex/pgf/utilities/pgfrcs.sty
(c:/texlive/2025/texmf-dist/tex/generic/pgf/utilities/pgfutil-common.tex
\pgfutil@everybye=\toks27
\pgfutil@tempdima=\dimen188
\pgfutil@tempdimb=\dimen189
)
(c:/texlive/2025/texmf-dist/tex/generic/pgf/utilities/pgfutil-latex.def
\pgfutil@abb=\box68
)
(c:/texlive/2025/texmf-dist/tex/generic/pgf/utilities/pgfrcs.code.tex
(c:/texlive/2025/texmf-dist/tex/generic/pgf/pgf.revision.tex)
Package: pgfrcs 2023-01-15 v3.1.10 (3.1.10)
))
(c:/texlive/2025/texmf-dist/tex/latex/pgf/utilities/pgfkeys.sty
(c:/texlive/2025/texmf-dist/tex/generic/pgf/utilities/pgfkeys.code.tex
\pgfkeys@pathtoks=\toks28
\pgfkeys@temptoks=\toks29

(c:/texlive/2025/texmf-dist/tex/generic/pgf/utilities/pgfkeyslibraryfiltered.co
de.tex
\pgfkeys@tmptoks=\toks30
))) (c:/texlive/2025/texmf-dist/tex/latex/tools/shellesc.sty
Package: shellesc 2023/07/08 v1.0d unified shell escape interface for LaTeX
Package shellesc Info: Restricted shell escape enabled on input line 77.
)
\csv@file=\read4
\c@csvinputline=\count453
\c@csvrow=\count454
\c@csvcol=\count455
\csv@out=\write4
)
(c:/texlive/2025/texmf-dist/tex/latex/comment/comment.sty
\CommentStream=\write5

Excluding comment 'comment')
(c:/texlive/2025/texmf-dist/tex/latex/booktabs/booktabs.sty
Package: booktabs 2020/01/12 v1.61803398 Publication quality tables
\heavyrulewidth=\dimen190
\lightrulewidth=\dimen191
\cmidrulewidth=\dimen192
\belowrulesep=\dimen193
\belowbottomsep=\dimen194
\aboverulesep=\dimen195
\abovetopsep=\dimen196
\cmidrulesep=\dimen197
\cmidrulekern=\dimen198
\defaultaddspace=\dimen199
\@cmidla=\count456
\@cmidlb=\count457
\@aboverulesep=\dimen256
\@belowrulesep=\dimen257
\@thisruleclass=\count458
\@lastruleclass=\count459
\@thisrulewidth=\dimen258
)
(c:/texlive/2025/texmf-dist/tex/latex/graphics/color.sty
Package: color 2024/06/23 v1.3e Standard LaTeX Color (DPC)

(c:/texlive/2025/texmf-dist/tex/latex/graphics-cfg/color.cfg
File: color.cfg 2016/01/02 v1.6 sample color configuration
)
Package color Info: Driver file: pdftex.def on input line 149.

(c:/texlive/2025/texmf-dist/tex/latex/graphics/mathcolor.ltx))
Package csquotes Info: Checking for multilingual support...
Package csquotes Info: ... found 'babel' package.
Package csquotes Info: Adjusting default style.
Package csquotes Info: Redefining alias 'default' -> 'ngerman'.
 (./V518.aux
Package babel Info: 'ngerman' activates 'ngerman' shorthands.
(babel)             Reported  on input line 9.


LaTeX Warning: Label `tab:LandauAnpassungPulshohe' multiply defined.

)
\openout1 = `V518.aux'.

LaTeX Font Info:    Checking defaults for OML/cmm/m/it on input line 32.
LaTeX Font Info:    ... okay on input line 32.
LaTeX Font Info:    Checking defaults for OMS/cmsy/m/n on input line 32.
LaTeX Font Info:    ... okay on input line 32.
LaTeX Font Info:    Checking defaults for OT1/cmr/m/n on input line 32.
LaTeX Font Info:    ... okay on input line 32.
LaTeX Font Info:    Checking defaults for T1/cmr/m/n on input line 32.
LaTeX Font Info:    ... okay on input line 32.
LaTeX Font Info:    Checking defaults for TS1/cmr/m/n on input line 32.
LaTeX Font Info:    ... okay on input line 32.
LaTeX Font Info:    Checking defaults for OMX/cmex/m/n on input line 32.
LaTeX Font Info:    ... okay on input line 32.
LaTeX Font Info:    Checking defaults for U/cmr/m/n on input line 32.
LaTeX Font Info:    ... okay on input line 32.
LaTeX Font Info:    Checking defaults for PD1/pdf/m/n on input line 32.
LaTeX Font Info:    ... okay on input line 32.
LaTeX Font Info:    Checking defaults for PU/pdf/m/n on input line 32.
LaTeX Font Info:    ... okay on input line 32.
 (c:/texlive/2025/texmf-dist/tex/context/base/mkii/supp-pdf.mkii
[Loading MPS to PDF converter (version 2006.09.02).]
\scratchcounter=\count460
\scratchdimen=\dimen259
\scratchbox=\box69
\nofMPsegments=\count461
\nofMParguments=\count462
\everyMPshowfont=\toks31
\MPscratchCnt=\count463
\MPscratchDim=\dimen260
\MPnumerator=\count464
\makeMPintoPDFobject=\count465
\everyMPtoPDFconversion=\toks32
) (c:/texlive/2025/texmf-dist/tex/latex/epstopdf-pkg/epstopdf-base.sty
Package: epstopdf-base 2020-01-24 v2.11 Base part for package epstopdf
Package epstopdf-base Info: Redefining graphics rule for `.eps' on input line 4
85.

(c:/texlive/2025/texmf-dist/tex/latex/latexconfig/epstopdf-sys.cfg
File: epstopdf-sys.cfg 2010/07/13 v1.3 Configuration of (r)epstopdf for TeX Liv
e
))
(c:/texlive/2025/texmf-dist/tex/latex/translations/translations-basic-dictionar
y-german.trsl
File: translations-basic-dictionary-german.trsl (german translation file `trans
lations-basic-dictionary')
)
Package translations Info: loading dictionary `translations-basic-dictionary' f
or `german'. on input line 32.
Package hyperref Info: Link coloring OFF on input line 32.
 (./V518.out) (./V518.out)
\@outlinefile=\write6
\openout6 = `V518.out'.

Package biblatex Info: Trying to load language 'ngerman'...
Package biblatex Info: ... file 'ngerman.lbx' found.

(c:/texlive/2025/texmf-dist/tex/latex/biblatex/lbx/ngerman.lbx
File: ngerman.lbx 2024/03/21 v3.20 biblatex localization (PK/MW)
Package biblatex Info: Trying to load language 'german'...
Package biblatex Info: ... file 'german.lbx' found.

(c:/texlive/2025/texmf-dist/tex/latex/biblatex/lbx/german.lbx
File: german.lbx 2024/03/21 v3.20 biblatex localization (PK/MW)
)
Package biblatex Info: Trying to load language 'german'...
Package biblatex Info: ... file 'german.lbx' found.

(c:/texlive/2025/texmf-dist/tex/latex/biblatex/lbx/german.lbx
File: german.lbx 2024/03/21 v3.20 biblatex localization (PK/MW)
))
Package biblatex Info: Input encoding 'utf8' detected.
Package biblatex Info: Automatic encoding selection.
(biblatex)             Assuming data encoding 'utf8'.
\openout3 = `V518.bcf'.

Package biblatex Info: Trying to load bibliographic data...
Package biblatex Info: ... file 'V518.bbl' found.
 (./V518.bbl

Package biblatex Warning: The following entry could not be found
(biblatex)                in the database:
(biblatex)                Wer
(biblatex)                Please verify the spelling and rerun
(biblatex)                LaTeX afterwards.

)
Package biblatex Info: Reference section=0 on input line 32.
Package biblatex Info: Reference segment=0 on input line 32.
Package caption Info: Begin \AtBeginDocument code.
Package caption Info: End \AtBeginDocument code.


[1

{c:/texlive/2025/texmf-var/fonts/map/pdftex/updmap/pdftex.map}] (./V518.toc)
\tf@toc=\write7
\openout7 = `V518.toc'.



[2]

[3{c:/texlive/2025/texmf-dist/fonts/enc/dvips/cm-super/cm-super-ts1.enc}]
<figures/Teilchenschauer.png, id=111, 451.6875pt x 451.6875pt>
File: figures/Teilchenschauer.png Graphic file (type png)
<use figures/Teilchenschauer.png>
Package pdftex.def Info: figures/Teilchenschauer.png  used on input line 75.
(pdftex.def)             Requested size: 276.00105pt x 276.01831pt.
<figures/Fluss.png, id=115, 347.79938pt x 448.67625pt>
File: figures/Fluss.png Graphic file (type png)
<use figures/Fluss.png>
Package pdftex.def Info: figures/Fluss.png  used on input line 89.
(pdftex.def)             Requested size: 241.49895pt x 311.54497pt.


[4 <./figures/Teilchenschauer.png (PNG copy)>]

[5 <./figures/Fluss.png>]
<figures/Landau.png, id=140, 903.375pt x 903.375pt>
File: figures/Landau.png Graphic file (type png)
<use figures/Landau.png>
Package pdftex.def Info: figures/Landau.png  used on input line 110.
(pdftex.def)             Requested size: 172.5pt x 172.49767pt.
<figures/Szintillator_Bändermodell.png, id=144, 592.46344pt x 286.82156pt>
File: figures/Szintillator_Bändermodell.png Graphic file (type png)
<use figures/Szintillator_Bändermodell.png>
Package pdftex.def Info: figures/Szintillator_Bändermodell.png  used on input 
line 139.
(pdftex.def)             Requested size: 345.0pt x 167.02621pt.


LaTeX Warning: Citation 'Wer' on page 6 undefined on input line 140.


LaTeX Warning: Citation 'Wer' on page 6 undefined on input line 140.



[6 <./figures/Landau.png>]
<figures/SzintillatorAufbau.png, id=157, 730.22812pt x 243.15843pt>
File: figures/SzintillatorAufbau.png Graphic file (type png)
<use figures/SzintillatorAufbau.png>
Package pdftex.def Info: figures/SzintillatorAufbau.png  used on input line 148
.
(pdftex.def)             Requested size: 345.0pt x 114.88184pt.


LaTeX Warning: Citation 'Wer' on page 7 undefined on input line 149.


LaTeX Warning: Citation 'Wer' on page 7 undefined on input line 149.


Overfull \hbox (7.37134pt too wide) in paragraph at lines 153--153
[]\OT1/cmr/bx/n/12 Logische Schal-tung: Dis-kri-mi-na-tor, Koinzidenz-Module
 []



[7 <./figures/Szintillator_Bändermodell.png> <./figures/SzintillatorAufbau.png
>]
<figures/Aufbau_Winkelverteilung.png, id=167, 550.30594pt x 510.40688pt>
File: figures/Aufbau_Winkelverteilung.png Graphic file (type png)
<use figures/Aufbau_Winkelverteilung.png>
Package pdftex.def Info: figures/Aufbau_Winkelverteilung.png  used on input lin
e 189.
(pdftex.def)             Requested size: 241.49895pt x 223.98781pt.


[8]
Overfull \hbox (0.22385pt too wide) in paragraph at lines 196--198
\OT1/cmr/m/n/10 Pro-gramm ge-schrie-ben, dass die Schwel-len-span-nun-gen von $
\OMS/cmsy/m/n/10 ^^@\OT1/cmr/m/n/10 50 []$ bis $\OMS/cmsy/m/n/10 ^^@\OT1/cmr/m/
n/10 200 []$
 []

<figures/Zufallskoinzidenz.png, id=179, 1027.84pt x 770.88pt>
File: figures/Zufallskoinzidenz.png Graphic file (type png)
<use figures/Zufallskoinzidenz.png>
Package pdftex.def Info: figures/Zufallskoinzidenz.png  used on input line 221.

(pdftex.def)             Requested size: 276.00105pt x 206.9994pt.


[9 <./figures/Aufbau_Winkelverteilung.png>]
<figures/SchematischWinkelverteilung.png, id=190, 526.96875pt x 388.45125pt>
File: figures/SchematischWinkelverteilung.png Graphic file (type png)
<use figures/SchematischWinkelverteilung.png>
Package pdftex.def Info: figures/SchematischWinkelverteilung.png  used on input
 line 228.
(pdftex.def)             Requested size: 345.0pt x 254.32776pt.


[10 <./figures/Zufallskoinzidenz.png (PNG copy)>]
<figures/Aufbau_Lebensdauermessung.pdf, id=200, 603.19843pt x 298.75392pt>
File: figures/Aufbau_Lebensdauermessung.pdf Graphic file (type pdf)
<use figures/Aufbau_Lebensdauermessung.pdf>
Package pdftex.def Info: figures/Aufbau_Lebensdauermessung.pdf  used on input l
ine 243.
(pdftex.def)             Requested size: 345.0pt x 170.875pt.


[11 <./figures/SchematischWinkelverteilung.png>]
<figures/Aufbau_Zerfallsmessung.pdf, id=208, 318.67087pt x 128.0374pt>
File: figures/Aufbau_Zerfallsmessung.pdf Graphic file (type pdf)
<use figures/Aufbau_Zerfallsmessung.pdf>
Package pdftex.def Info: figures/Aufbau_Zerfallsmessung.pdf  used on input line
 256.
(pdftex.def)             Requested size: 345.0pt x 138.6202pt.


[12 <./figures/Aufbau_Lebensdauermessung.pdf> <./figures/Aufbau_Zerfallsmessung
.pdf

pdfTeX warning: pdflatex.exe (file ./figures/Aufbau_Zerfallsmessung.pdf): PDF i
nclusion: multiple pdfs with page group included in a single page
>]
<figures/Zeiteinstellung2.png, id=230, 1027.84pt x 770.88pt>
File: figures/Zeiteinstellung2.png Graphic file (type png)
<use figures/Zeiteinstellung2.png>
Package pdftex.def Info: figures/Zeiteinstellung2.png  used on input line 272.
(pdftex.def)             Requested size: 276.00105pt x 206.9994pt.


LaTeX Warning: Reference `tab:SchwellenspannungWinkelverteilung' on page 13 und
efined on input line 282.

<figures/Schwellenspannung_Winkelverteilung.png, id=232, 462.528pt x 346.896pt>

File: figures/Schwellenspannung_Winkelverteilung.png Graphic file (type png)
<use figures/Schwellenspannung_Winkelverteilung.png>
Package pdftex.def Info: figures/Schwellenspannung_Winkelverteilung.png  used o
n input line 287.
(pdftex.def)             Requested size: 345.0pt x 258.76335pt.


[13 <./figures/Zeiteinstellung2.png (PNG copy)>]

[14 <./figures/Schwellenspannung_Winkelverteilung.png>]
<figures/cosAnpassung.png, id=254, 462.528pt x 346.896pt>
File: figures/cosAnpassung.png Graphic file (type png)
<use figures/cosAnpassung.png>
Package pdftex.def Info: figures/cosAnpassung.png  used on input line 309.
(pdftex.def)             Requested size: 165.59853pt x 124.19963pt.
<figures/gaussAnpassung.png, id=255, 462.528pt x 346.896pt>
File: figures/gaussAnpassung.png Graphic file (type png)
<use figures/gaussAnpassung.png>
Package pdftex.def Info: figures/gaussAnpassung.png  used on input line 315.
(pdftex.def)             Requested size: 165.59853pt x 124.19963pt.


[15 <./figures/cosAnpassung.png> <./figures/gaussAnpassung.png>]
<figures/Pulshöhenspektrum_Landau_ohne_fit.png, id=271, 462.528pt x 346.896pt>

File: figures/Pulshöhenspektrum_Landau_ohne_fit.png Graphic file (type png)
<use figures/Pulshöhenspektrum_Landau_ohne_fit.png>
Package pdftex.def Info: figures/Pulshöhenspektrum_Landau_ohne_fit.png  used o
n input line 380.
(pdftex.def)             Requested size: 345.0pt x 258.76335pt.
<figures/Pulshöhenspektrum_Landau_gemischt.png, id=272, 462.528pt x 346.896pt>

File: figures/Pulshöhenspektrum_Landau_gemischt.png Graphic file (type png)
<use figures/Pulshöhenspektrum_Landau_gemischt.png>
Package pdftex.def Info: figures/Pulshöhenspektrum_Landau_gemischt.png  used o
n input line 386.
(pdftex.def)             Requested size: 276.00105pt x 207.01175pt.


LaTeX Warning: Reference `fig:PulshoheWinkelverteilungLandau' on page 16 undefi
ned on input line 392.



[16 <./figures/Pulshöhenspektrum_Landau_ohne_fit.png>]

LaTeX Warning: Reference `tab:GaussAnpassungPulshohe' on page 17 undefined on i
nput line 402.



[17 <./figures/Pulshöhenspektrum_Landau_gemischt.png>]

[18]
<figures/Schwellenspannung_Lebensdauer.png, id=301, 462.528pt x 346.896pt>
File: figures/Schwellenspannung_Lebensdauer.png Graphic file (type png)
<use figures/Schwellenspannung_Lebensdauer.png>
Package pdftex.def Info: figures/Schwellenspannung_Lebensdauer.png  used on inp
ut line 490.
(pdftex.def)             Requested size: 165.59853pt x 124.19963pt.


LaTeX Warning: Reference `' on page 19 undefined on input line 491.


LaTeX Warning: Reference `' on page 19 undefined on input line 491.

<figures/Schwellenspannung_Lebensdauer_ableitung.png, id=302, 462.528pt x 346.8
96pt>
File: figures/Schwellenspannung_Lebensdauer_ableitung.png Graphic file (type pn
g)
<use figures/Schwellenspannung_Lebensdauer_ableitung.png>
Package pdftex.def Info: figures/Schwellenspannung_Lebensdauer_ableitung.png  u
sed on input line 496.
(pdftex.def)             Requested size: 165.59853pt x 124.19963pt.

Overfull \hbox (18.76735pt too wide) in paragraph at lines 482--501
\OT1/cmr/m/n/10 Die Schwel-len-span-nung wur-de nach der Me-tho-de aus dem Ab-s
chnitt []  Durchf[]uhrung\
 []



[19 <./figures/Schwellenspannung_Lebensdauer.png> <./figures/Schwellenspannung_
Lebensdauer_ableitung.png>]

[20]

LaTeX Warning: Reference `eq:Zerfall' on page 21 undefined on input line 557.

<figures/Lebensdauer_fit_korrektur.png, id=329, 462.528pt x 346.896pt>
File: figures/Lebensdauer_fit_korrektur.png Graphic file (type png)
<use figures/Lebensdauer_fit_korrektur.png>
Package pdftex.def Info: figures/Lebensdauer_fit_korrektur.png  used on input l
ine 578.
(pdftex.def)             Requested size: 345.0pt x 258.76335pt.


[21]

[22 <./figures/Lebensdauer_fit_korrektur.png>]

[23]
<figures/ProgrammScreen1.png, id=356, 574.39594pt x 680.5425pt>
File: figures/ProgrammScreen1.png Graphic file (type png)
<use figures/ProgrammScreen1.png>
Package pdftex.def Info: figures/ProgrammScreen1.png  used on input line 661.
(pdftex.def)             Requested size: 345.0pt x 408.76479pt.
<figures/ProgrammScreen2.png, id=357, 1013.28563pt x 651.93562pt>
File: figures/ProgrammScreen2.png Graphic file (type png)
<use figures/ProgrammScreen2.png>
Package pdftex.def Info: figures/ProgrammScreen2.png  used on input line 667.
(pdftex.def)             Requested size: 345.0pt x 221.96355pt.
<figures/ProgrammScreen3.png, id=358, 558.58687pt x 636.87938pt>
File: figures/ProgrammScreen3.png Graphic file (type png)
<use figures/ProgrammScreen3.png>
Package pdftex.def Info: figures/ProgrammScreen3.png  used on input line 673.
(pdftex.def)             Requested size: 345.0pt x 393.36456pt.


[24 <./figures/ProgrammScreen1.png>]
<figures/ProgrammScreen4.png, id=364, 843.15pt x 654.19406pt>
File: figures/ProgrammScreen4.png Graphic file (type png)
<use figures/ProgrammScreen4.png>
Package pdftex.def Info: figures/ProgrammScreen4.png  used on input line 679.
(pdftex.def)             Requested size: 345.0pt x 267.68225pt.


[25 <./figures/ProgrammScreen2.png>]

[26 <./figures/ProgrammScreen3.png>]

[27 <./figures/ProgrammScreen4.png>]
! Undefined control sequence.
\degree ->\ERROR 
                 
l.715         Winkel / $\degree
                               $ & $N_\mathrm{Koin.}$ & $\Delta (N_\mathrm{K...

? 
<figures/Pulshöhenspektrum_Unser.png, id=383, 462.528pt x 346.896pt>
File: figures/Pulshöhenspektrum_Unser.png Graphic file (type png)
<use figures/Pulshöhenspektrum_Unser.png>
Package pdftex.def Info: figures/Pulshöhenspektrum_Unser.png  used on input li
ne 731.
(pdftex.def)             Requested size: 345.0pt x 258.76335pt.
<figures/Pulshöhenspektrum_B109.png, id=384, 462.528pt x 346.896pt>
File: figures/Pulshöhenspektrum_B109.png Graphic file (type png)
<use figures/Pulshöhenspektrum_B109.png>
Package pdftex.def Info: figures/Pulshöhenspektrum_B109.png  used on input lin
e 737.
(pdftex.def)             Requested size: 345.0pt x 258.76335pt.


[28]

[29 <./figures/Pulshöhenspektrum_Unser.png>]

[30 <./figures/Pulshöhenspektrum_B109.png>]
! Undefined control sequence.
<argument> ...sszeit von $T=\SI {598756}{\seconds 
                                                  }$ und bei Schwellenspannu...
l.773 ...illi\volt}$ $Z_2=\SI{-105}{\milli\volt}$}
                                                  
? 
! Undefined control sequence.
<argument> \seconds 
                    
l.773 ...illi\volt}$ $Z_2=\SI{-105}{\milli\volt}$}
                                                  
? 
! Undefined control sequence.
<argument> \seconds 
                    
l.773 ...illi\volt}$ $Z_2=\SI{-105}{\milli\volt}$}
                                                  
? 
! Undefined control sequence.
<argument> \seconds 
                    
l.773 ...illi\volt}$ $Z_2=\SI{-105}{\milli\volt}$}
                                                  
? 
! Undefined control sequence.
<argument> \seconds 
                    
l.773 ...illi\volt}$ $Z_2=\SI{-105}{\milli\volt}$}
                                                  
? 


[31]
Overfull \hbox (2.69133pt too wide) in paragraph at lines 793--793
[]\OT1/cmr/m/n/10 Wikipedia. \OT1/cmr/m/it/10 Muon\OT1/cmr/m/n/10 . letz-ter Zu
-griff: 27.05.2025. \OT1/cmr/m/sc/10 url\OT1/cmr/m/n/10 : []$\OT1/cmtt/m/n/10 h
ttps : / / de . wikipedia .
 []



[32] (./V518.aux)
 ***********
LaTeX2e <2024-11-01> patch level 2
L3 programming layer <2025-03-26>
 ***********


LaTeX Warning: There were undefined references.


LaTeX Warning: There were multiply-defined labels.

Package rerunfilecheck Info: File `V518.out' has not changed.
(rerunfilecheck)             Checksum: B3C80D91AA5E575D328E0EFAE91A6E12;2451.
Package logreq Info: Writing requests to 'V518.run.xml'.
\openout1 = `V518.run.xml'.

 ) 
Here is how much of TeX's memory you used:
 25997 strings out of 469626
 525165 string characters out of 5475183
 1333955 words of memory out of 5000000
 52432 multiletter control sequences out of 15000+600000
 635481 words of font info for 70 fonts, out of 8000000 for 9000
 1143 hyphenation exceptions out of 8191
 75i,14n,80p,693b,2371s stack positions out of 10000i,1000n,20000p,200000b,200000s
<c:/texlive/2025/texmf-dist/fonts/type1/public/amsfonts/cm/cmbx10.pfb><c:/tex
live/2025/texmf-dist/fonts/type1/public/amsfonts/cm/cmbx12.pfb><c:/texlive/2025
/texmf-dist/fonts/type1/public/amsfonts/cm/cmbx9.pfb><c:/texlive/2025/texmf-dis
t/fonts/type1/public/amsfonts/cm/cmcsc10.pfb><c:/texlive/2025/texmf-dist/fonts/
type1/public/amsfonts/cm/cmex10.pfb><c:/texlive/2025/texmf-dist/fonts/type1/pub
lic/amsfonts/cm/cmmi10.pfb><c:/texlive/2025/texmf-dist/fonts/type1/public/amsfo
nts/cm/cmmi5.pfb><c:/texlive/2025/texmf-dist/fonts/type1/public/amsfonts/cm/cmm
i7.pfb><c:/texlive/2025/texmf-dist/fonts/type1/public/amsfonts/cm/cmmi9.pfb><c:
/texlive/2025/texmf-dist/fonts/type1/public/amsfonts/cm/cmr10.pfb><c:/texlive/2
025/texmf-dist/fonts/type1/public/amsfonts/cm/cmr12.pfb><c:/texlive/2025/texmf-
dist/fonts/type1/public/amsfonts/cm/cmr17.pfb><c:/texlive/2025/texmf-dist/fonts
/type1/public/amsfonts/cm/cmr5.pfb><c:/texlive/2025/texmf-dist/fonts/type1/publ
ic/amsfonts/cm/cmr6.pfb><c:/texlive/2025/texmf-dist/fonts/type1/public/amsfonts
/cm/cmr7.pfb><c:/texlive/2025/texmf-dist/fonts/type1/public/amsfonts/cm/cmr9.pf
b><c:/texlive/2025/texmf-dist/fonts/type1/public/amsfonts/cm/cmsy10.pfb><c:/tex
live/2025/texmf-dist/fonts/type1/public/amsfonts/cm/cmsy5.pfb><c:/texlive/2025/
texmf-dist/fonts/type1/public/amsfonts/cm/cmsy7.pfb><c:/texlive/2025/texmf-dist
/fonts/type1/public/amsfonts/cm/cmti10.pfb><c:/texlive/2025/texmf-dist/fonts/ty
pe1/public/amsfonts/cm/cmtt10.pfb><c:/texlive/2025/texmf-dist/fonts/type1/publi
c/cm-super/sfrm1000.pfb>
Output written on V518.pdf (32 pages, 2081618 bytes).
PDF statistics:
 542 PDF objects out of 1000 (max. 8388607)
 407 compressed objects within 5 object streams
 106 named destinations out of 1000 (max. 500000)
 262 words of extra memory for PDF output out of 10000 (max. 10000000)

